This is pdfTeX, Version 3.14159265-2.6-1.40.19 (TeX Live 2018) (preloaded format=pdflatex 2018.11.24)  15 APR 2019 13:15
entering extended mode
 \write18 enabled.
 file:line:error style messages enabled.
 %&-line parsing enabled.
**week4.tex
(./week4.tex
LaTeX2e <2018-04-01> patch level 2
Babel <3.18> and hyphenation patterns for 84 language(s) loaded.
(/usr/local/texlive/2018/texmf-dist/tex/latex/base/article.cls
Document Class: article 2014/09/29 v1.4h Standard LaTeX document class
(/usr/local/texlive/2018/texmf-dist/tex/latex/base/size12.clo
File: size12.clo 2014/09/29 v1.4h Standard LaTeX file (size option)
)
\c@part=\count80
\c@section=\count81
\c@subsection=\count82
\c@subsubsection=\count83
\c@paragraph=\count84
\c@subparagraph=\count85
\c@figure=\count86
\c@table=\count87
\abovecaptionskip=\skip41
\belowcaptionskip=\skip42
\bibindent=\dimen102
)
(/usr/local/texlive/2018/texmf-dist/tex/generic/ulem/ulem.sty
\UL@box=\box26
\UL@hyphenbox=\box27
\UL@skip=\skip43
\UL@hook=\toks14
\UL@height=\dimen103
\UL@pe=\count88
\UL@pixel=\dimen104
\ULC@box=\box28
Package: ulem 2012/05/18
\ULdepth=\dimen105
)
(/usr/local/texlive/2018/texmf-dist/tex/latex/cite/cite.sty
LaTeX Info: Redefining \cite on input line 302.
LaTeX Info: Redefining \nocite on input line 332.
Package: cite 2015/02/27  v 5.5
)
(/usr/local/texlive/2018/texmf-dist/tex/latex/base/inputenc.sty
Package: inputenc 2018/04/06 v1.3b Input encoding file
\inpenc@prehook=\toks15
\inpenc@posthook=\toks16
)
(/usr/local/texlive/2018/texmf-dist/tex/latex/tools/verbatim.sty
Package: verbatim 2014/10/28 v1.5q LaTeX2e package for verbatim enhancements
\every@verbatim=\toks17
\verbatim@line=\toks18
\verbatim@in@stream=\read1
)
(/usr/local/texlive/2018/texmf-dist/tex/latex/hyperref/hyperref.sty
Package: hyperref 2018/02/06 v6.86b Hypertext links for LaTeX

(/usr/local/texlive/2018/texmf-dist/tex/generic/oberdiek/hobsub-hyperref.sty
Package: hobsub-hyperref 2016/05/16 v1.14 Bundle oberdiek, subset hyperref (HO)


(/usr/local/texlive/2018/texmf-dist/tex/generic/oberdiek/hobsub-generic.sty
Package: hobsub-generic 2016/05/16 v1.14 Bundle oberdiek, subset generic (HO)
Package: hobsub 2016/05/16 v1.14 Construct package bundles (HO)
Package: infwarerr 2016/05/16 v1.4 Providing info/warning/error messages (HO)
Package: ltxcmds 2016/05/16 v1.23 LaTeX kernel commands for general use (HO)
Package: ifluatex 2016/05/16 v1.4 Provides the ifluatex switch (HO)
Package ifluatex Info: LuaTeX not detected.
Package: ifvtex 2016/05/16 v1.6 Detect VTeX and its facilities (HO)
Package ifvtex Info: VTeX not detected.
Package: intcalc 2016/05/16 v1.2 Expandable calculations with integers (HO)
Package: ifpdf 2017/03/15 v3.2 Provides the ifpdf switch
Package: etexcmds 2016/05/16 v1.6 Avoid name clashes with e-TeX commands (HO)
Package etexcmds Info: Could not find \expanded.
(etexcmds)             That can mean that you are not using pdfTeX 1.50 or
(etexcmds)             that some package has redefined \expanded.
(etexcmds)             In the latter case, load this package earlier.
Package: kvsetkeys 2016/05/16 v1.17 Key value parser (HO)
Package: kvdefinekeys 2016/05/16 v1.4 Define keys (HO)
Package: pdftexcmds 2018/01/30 v0.27 Utility functions of pdfTeX for LuaTeX (HO
)
Package pdftexcmds Info: LuaTeX not detected.
Package pdftexcmds Info: \pdf@primitive is available.
Package pdftexcmds Info: \pdf@ifprimitive is available.
Package pdftexcmds Info: \pdfdraftmode found.
Package: pdfescape 2016/05/16 v1.14 Implements pdfTeX's escape features (HO)
Package: bigintcalc 2016/05/16 v1.4 Expandable calculations on big integers (HO
)
Package: bitset 2016/05/16 v1.2 Handle bit-vector datatype (HO)
Package: uniquecounter 2016/05/16 v1.3 Provide unlimited unique counter (HO)
)
Package hobsub Info: Skipping package `hobsub' (already loaded).
Package: letltxmacro 2016/05/16 v1.5 Let assignment for LaTeX macros (HO)
Package: hopatch 2016/05/16 v1.3 Wrapper for package hooks (HO)
Package: xcolor-patch 2016/05/16 xcolor patch
Package: atveryend 2016/05/16 v1.9 Hooks at the very end of document (HO)
Package atveryend Info: \enddocument detected (standard20110627).
Package: atbegshi 2016/06/09 v1.18 At begin shipout hook (HO)
Package: refcount 2016/05/16 v3.5 Data extraction from label references (HO)
Package: hycolor 2016/05/16 v1.8 Color options for hyperref/bookmark (HO)
)
(/usr/local/texlive/2018/texmf-dist/tex/latex/graphics/keyval.sty
Package: keyval 2014/10/28 v1.15 key=value parser (DPC)
\KV@toks@=\toks19
)
(/usr/local/texlive/2018/texmf-dist/tex/generic/ifxetex/ifxetex.sty
Package: ifxetex 2010/09/12 v0.6 Provides ifxetex conditional
)
(/usr/local/texlive/2018/texmf-dist/tex/latex/oberdiek/auxhook.sty
Package: auxhook 2016/05/16 v1.4 Hooks for auxiliary files (HO)
)
(/usr/local/texlive/2018/texmf-dist/tex/latex/oberdiek/kvoptions.sty
Package: kvoptions 2016/05/16 v3.12 Key value format for package options (HO)
)
\@linkdim=\dimen106
\Hy@linkcounter=\count89
\Hy@pagecounter=\count90

(/usr/local/texlive/2018/texmf-dist/tex/latex/hyperref/pd1enc.def
File: pd1enc.def 2018/02/06 v6.86b Hyperref: PDFDocEncoding definition (HO)
Now handling font encoding PD1 ...
... no UTF-8 mapping file for font encoding PD1
)
\Hy@SavedSpaceFactor=\count91

(/usr/local/texlive/2018/texmf-dist/tex/latex/latexconfig/hyperref.cfg
File: hyperref.cfg 2002/06/06 v1.2 hyperref configuration of TeXLive
)
Package hyperref Info: Hyper figures OFF on input line 4509.
Package hyperref Info: Link nesting OFF on input line 4514.
Package hyperref Info: Hyper index ON on input line 4517.
Package hyperref Info: Plain pages OFF on input line 4524.
Package hyperref Info: Backreferencing OFF on input line 4529.
Package hyperref Info: Implicit mode ON; LaTeX internals redefined.
Package hyperref Info: Bookmarks ON on input line 4762.
\c@Hy@tempcnt=\count92

(/usr/local/texlive/2018/texmf-dist/tex/latex/url/url.sty
\Urlmuskip=\muskip10
Package: url 2013/09/16  ver 3.4  Verb mode for urls, etc.
)
LaTeX Info: Redefining \url on input line 5115.
\XeTeXLinkMargin=\dimen107
\Fld@menulength=\count93
\Field@Width=\dimen108
\Fld@charsize=\dimen109
Package hyperref Info: Hyper figures OFF on input line 6369.
Package hyperref Info: Link nesting OFF on input line 6374.
Package hyperref Info: Hyper index ON on input line 6377.
Package hyperref Info: backreferencing OFF on input line 6384.
Package hyperref Info: Link coloring OFF on input line 6389.
Package hyperref Info: Link coloring with OCG OFF on input line 6394.
Package hyperref Info: PDF/A mode OFF on input line 6399.
LaTeX Info: Redefining \ref on input line 6439.
LaTeX Info: Redefining \pageref on input line 6443.
\Hy@abspage=\count94
\c@Item=\count95
\c@Hfootnote=\count96
)
Package hyperref Info: Driver (autodetected): hpdftex.

(/usr/local/texlive/2018/texmf-dist/tex/latex/hyperref/hpdftex.def
File: hpdftex.def 2018/02/06 v6.86b Hyperref driver for pdfTeX
\Fld@listcount=\count97
\c@bookmark@seq@number=\count98

(/usr/local/texlive/2018/texmf-dist/tex/latex/oberdiek/rerunfilecheck.sty
Package: rerunfilecheck 2016/05/16 v1.8 Rerun checks for auxiliary files (HO)
Package uniquecounter Info: New unique counter `rerunfilecheck' on input line 2
82.
)
\Hy@SectionHShift=\skip44
)
(/usr/local/texlive/2018/texmf-dist/tex/latex/graphics/color.sty
Package: color 2016/07/10 v1.1e Standard LaTeX Color (DPC)

(/usr/local/texlive/2018/texmf-dist/tex/latex/graphics-cfg/color.cfg
File: color.cfg 2016/01/02 v1.6 sample color configuration
)
Package color Info: Driver file: pdftex.def on input line 147.

(/usr/local/texlive/2018/texmf-dist/tex/latex/graphics-def/pdftex.def
File: pdftex.def 2018/01/08 v1.0l Graphics/color driver for pdftex
))
(/usr/local/texlive/2018/texmf-dist/tex/latex/geometry/geometry.sty
Package: geometry 2018/03/24 v5.7 Page Geometry
\Gm@cnth=\count99
\Gm@cntv=\count100
\c@Gm@tempcnt=\count101
\Gm@bindingoffset=\dimen110
\Gm@wd@mp=\dimen111
\Gm@odd@mp=\dimen112
\Gm@even@mp=\dimen113
\Gm@layoutwidth=\dimen114
\Gm@layoutheight=\dimen115
\Gm@layouthoffset=\dimen116
\Gm@layoutvoffset=\dimen117
\Gm@dimlist=\toks20
)
(/usr/local/texlive/2018/texmf-dist/tex/latex/listings/listings.sty
\lst@mode=\count102
\lst@gtempboxa=\box29
\lst@token=\toks21
\lst@length=\count103
\lst@currlwidth=\dimen118
\lst@column=\count104
\lst@pos=\count105
\lst@lostspace=\dimen119
\lst@width=\dimen120
\lst@newlines=\count106
\lst@lineno=\count107
\lst@maxwidth=\dimen121

(/usr/local/texlive/2018/texmf-dist/tex/latex/listings/lstmisc.sty
File: lstmisc.sty 2015/06/04 1.6 (Carsten Heinz)
\c@lstnumber=\count108
\lst@skipnumbers=\count109
\lst@framebox=\box30
)
(/usr/local/texlive/2018/texmf-dist/tex/latex/listings/listings.cfg
File: listings.cfg 2015/06/04 1.6 listings configuration
))
Package: listings 2015/06/04 1.6 (Carsten Heinz)

(/usr/local/texlive/2018/texmf-dist/tex/latex/xcolor/xcolor.sty
Package: xcolor 2016/05/11 v2.12 LaTeX color extensions (UK)

(/usr/local/texlive/2018/texmf-dist/tex/latex/graphics-cfg/color.cfg
File: color.cfg 2016/01/02 v1.6 sample color configuration
)
Package xcolor Info: Driver file: pdftex.def on input line 225.

(/usr/local/texlive/2018/texmf-dist/tex/latex/colortbl/colortbl.sty
Package: colortbl 2012/02/13 v1.0a Color table columns (DPC)

(/usr/local/texlive/2018/texmf-dist/tex/latex/tools/array.sty
Package: array 2018/04/07 v2.4g Tabular extension package (FMi)
\col@sep=\dimen122
\ar@mcellbox=\box31
\extrarowheight=\dimen123
\NC@list=\toks22
\extratabsurround=\skip45
\backup@length=\skip46
\ar@cellbox=\box32
)
\everycr=\toks23
\minrowclearance=\skip47
)
LaTeX Info: Redefining \color on input line 709.
\rownum=\count110
Package xcolor Info: Model `cmy' substituted by `cmy0' on input line 1348.
Package xcolor Info: Model `hsb' substituted by `rgb' on input line 1352.
Package xcolor Info: Model `RGB' extended on input line 1364.
Package xcolor Info: Model `HTML' substituted by `rgb' on input line 1366.
Package xcolor Info: Model `Hsb' substituted by `hsb' on input line 1367.
Package xcolor Info: Model `tHsb' substituted by `hsb' on input line 1368.
Package xcolor Info: Model `HSB' substituted by `hsb' on input line 1369.
Package xcolor Info: Model `Gray' substituted by `gray' on input line 1370.
Package xcolor Info: Model `wave' substituted by `hsb' on input line 1371.
)
(/usr/local/texlive/2018/texmf-dist/tex/latex/amsmath/amsmath.sty
Package: amsmath 2017/09/02 v2.17a AMS math features
\@mathmargin=\skip48

For additional information on amsmath, use the `?' option.
(/usr/local/texlive/2018/texmf-dist/tex/latex/amsmath/amstext.sty
Package: amstext 2000/06/29 v2.01 AMS text

(/usr/local/texlive/2018/texmf-dist/tex/latex/amsmath/amsgen.sty
File: amsgen.sty 1999/11/30 v2.0 generic functions
\@emptytoks=\toks24
\ex@=\dimen124
))
(/usr/local/texlive/2018/texmf-dist/tex/latex/amsmath/amsbsy.sty
Package: amsbsy 1999/11/29 v1.2d Bold Symbols
\pmbraise@=\dimen125
)
(/usr/local/texlive/2018/texmf-dist/tex/latex/amsmath/amsopn.sty
Package: amsopn 2016/03/08 v2.02 operator names
)
\inf@bad=\count111
LaTeX Info: Redefining \frac on input line 213.
\uproot@=\count112
\leftroot@=\count113
LaTeX Info: Redefining \overline on input line 375.
\classnum@=\count114
\DOTSCASE@=\count115
LaTeX Info: Redefining \ldots on input line 472.
LaTeX Info: Redefining \dots on input line 475.
LaTeX Info: Redefining \cdots on input line 596.
\Mathstrutbox@=\box33
\strutbox@=\box34
\big@size=\dimen126
LaTeX Font Info:    Redeclaring font encoding OML on input line 712.
LaTeX Font Info:    Redeclaring font encoding OMS on input line 713.
\macc@depth=\count116
\c@MaxMatrixCols=\count117
\dotsspace@=\muskip11
\c@parentequation=\count118
\dspbrk@lvl=\count119
\tag@help=\toks25
\row@=\count120
\column@=\count121
\maxfields@=\count122
\andhelp@=\toks26
\eqnshift@=\dimen127
\alignsep@=\dimen128
\tagshift@=\dimen129
\tagwidth@=\dimen130
\totwidth@=\dimen131
\lineht@=\dimen132
\@envbody=\toks27
\multlinegap=\skip49
\multlinetaggap=\skip50
\mathdisplay@stack=\toks28
LaTeX Info: Redefining \[ on input line 2817.
LaTeX Info: Redefining \] on input line 2818.
)
(/usr/local/texlive/2018/texmf-dist/tex/latex/graphics/graphicx.sty
Package: graphicx 2017/06/01 v1.1a Enhanced LaTeX Graphics (DPC,SPQR)

(/usr/local/texlive/2018/texmf-dist/tex/latex/graphics/graphics.sty
Package: graphics 2017/06/25 v1.2c Standard LaTeX Graphics (DPC,SPQR)

(/usr/local/texlive/2018/texmf-dist/tex/latex/graphics/trig.sty
Package: trig 2016/01/03 v1.10 sin cos tan (DPC)
)
(/usr/local/texlive/2018/texmf-dist/tex/latex/graphics-cfg/graphics.cfg
File: graphics.cfg 2016/06/04 v1.11 sample graphics configuration
)
Package graphics Info: Driver file: pdftex.def on input line 99.
)
\Gin@req@height=\dimen133
\Gin@req@width=\dimen134
)
(/usr/local/texlive/2018/texmf-dist/tex/latex/float/float.sty
Package: float 2001/11/08 v1.3d Float enhancements (AL)
\c@float@type=\count123
\float@exts=\toks29
\float@box=\box35
\@float@everytoks=\toks30
\@floatcapt=\box36
)
(/usr/local/texlive/2018/texmf-dist/tex/latex/caption/subcaption.sty
Package: subcaption 2016/05/22 v1.1-161 Sub-captions (AR)

(/usr/local/texlive/2018/texmf-dist/tex/latex/caption/caption.sty
Package: caption 2016/02/21 v3.3-144 Customizing captions (AR)

(/usr/local/texlive/2018/texmf-dist/tex/latex/caption/caption3.sty
Package: caption3 2016/05/22 v1.7-166 caption3 kernel (AR)
Package caption3 Info: TeX engine: e-TeX on input line 67.
\captionmargin=\dimen135
\captionmargin@=\dimen136
\captionwidth=\dimen137
\caption@tempdima=\dimen138
\caption@indent=\dimen139
\caption@parindent=\dimen140
\caption@hangindent=\dimen141
)
\c@ContinuedFloat=\count124
Package caption Info: float package is loaded.
Package caption Info: hyperref package is loaded.
Package caption Info: listings package is loaded.
)
\c@subfigure=\count125
\c@subtable=\count126
)
(/usr/local/texlive/2018/texmf-dist/tex/latex/multirow/multirow.sty
Package: multirow 2016/11/25 v2.2 Span multiple rows of a table
\multirow@colwidth=\skip51
\multirow@cntb=\count127
\multirow@dima=\skip52
\bigstrutjot=\dimen142
)

LaTeX Warning: Unused global option(s):
    [A4].

(./week4.aux)
\openout1 = `week4.aux'.

LaTeX Font Info:    Checking defaults for OML/cmm/m/it on input line 33.
LaTeX Font Info:    ... okay on input line 33.
LaTeX Font Info:    Checking defaults for T1/cmr/m/n on input line 33.
LaTeX Font Info:    ... okay on input line 33.
LaTeX Font Info:    Checking defaults for OT1/cmr/m/n on input line 33.
LaTeX Font Info:    ... okay on input line 33.
LaTeX Font Info:    Checking defaults for OMS/cmsy/m/n on input line 33.
LaTeX Font Info:    ... okay on input line 33.
LaTeX Font Info:    Checking defaults for OMX/cmex/m/n on input line 33.
LaTeX Font Info:    ... okay on input line 33.
LaTeX Font Info:    Checking defaults for U/cmr/m/n on input line 33.
LaTeX Font Info:    ... okay on input line 33.
LaTeX Font Info:    Checking defaults for PD1/pdf/m/n on input line 33.
LaTeX Font Info:    ... okay on input line 33.
\AtBeginShipoutBox=\box37
Package hyperref Info: Link coloring OFF on input line 33.

(/usr/local/texlive/2018/texmf-dist/tex/latex/hyperref/nameref.sty
Package: nameref 2016/05/21 v2.44 Cross-referencing by name of section

(/usr/local/texlive/2018/texmf-dist/tex/generic/oberdiek/gettitlestring.sty
Package: gettitlestring 2016/05/16 v1.5 Cleanup title references (HO)
)
\c@section@level=\count128
)
LaTeX Info: Redefining \ref on input line 33.
LaTeX Info: Redefining \pageref on input line 33.
LaTeX Info: Redefining \nameref on input line 33.

(./week4.out) (./week4.out)
\@outlinefile=\write3
\openout3 = `week4.out'.


(/usr/local/texlive/2018/texmf-dist/tex/context/base/mkii/supp-pdf.mkii
[Loading MPS to PDF converter (version 2006.09.02).]
\scratchcounter=\count129
\scratchdimen=\dimen143
\scratchbox=\box38
\nofMPsegments=\count130
\nofMParguments=\count131
\everyMPshowfont=\toks31
\MPscratchCnt=\count132
\MPscratchDim=\dimen144
\MPnumerator=\count133
\makeMPintoPDFobject=\count134
\everyMPtoPDFconversion=\toks32
) (/usr/local/texlive/2018/texmf-dist/tex/latex/oberdiek/epstopdf-base.sty
Package: epstopdf-base 2016/05/15 v2.6 Base part for package epstopdf

(/usr/local/texlive/2018/texmf-dist/tex/latex/oberdiek/grfext.sty
Package: grfext 2016/05/16 v1.2 Manage graphics extensions (HO)
)
Package epstopdf-base Info: Redefining graphics rule for `.eps' on input line 4
38.
Package grfext Info: Graphics extension search list:
(grfext)             [.pdf,.png,.jpg,.mps,.jpeg,.jbig2,.jb2,.PDF,.PNG,.JPG,.JPE
G,.JBIG2,.JB2,.eps]
(grfext)             \AppendGraphicsExtensions on input line 456.

(/usr/local/texlive/2018/texmf-dist/tex/latex/latexconfig/epstopdf-sys.cfg
File: epstopdf-sys.cfg 2010/07/13 v1.3 Configuration of (r)epstopdf for TeX Liv
e
))
*geometry* driver: auto-detecting
*geometry* detected driver: pdftex
*geometry* verbose mode - [ preamble ] result:
* driver: pdftex
* paper: <default>
* layout: <same size as paper>
* layoutoffset:(h,v)=(0.0pt,0.0pt)
* modes: 
* h-part:(L,W,R)=(71.13188pt, 472.03123pt, 71.13188pt)
* v-part:(T,H,B)=(71.13188pt, 652.70622pt, 71.13188pt)
* \paperwidth=614.295pt
* \paperheight=794.96999pt
* \textwidth=472.03123pt
* \textheight=652.70622pt
* \oddsidemargin=-1.1381pt
* \evensidemargin=-1.1381pt
* \topmargin=-38.1381pt
* \headheight=12.0pt
* \headsep=25.0pt
* \topskip=12.0pt
* \footskip=30.0pt
* \marginparwidth=44.0pt
* \marginparsep=10.0pt
* \columnsep=10.0pt
* \skip\footins=10.8pt plus 4.0pt minus 2.0pt
* \hoffset=0.0pt
* \voffset=0.0pt
* \mag=1000
* \@twocolumnfalse
* \@twosidefalse
* \@mparswitchfalse
* \@reversemarginfalse
* (1in=72.27pt=25.4mm, 1cm=28.453pt)

\c@lstlisting=\count135
Package caption Info: Begin \AtBeginDocument code.
Package caption Info: End \AtBeginDocument code.
[1

{/usr/local/texlive/2018/texmf-var/fonts/map/pdftex/updmap/pdftex.map}]
(./week4.toc)
\tf@toc=\write4
\openout4 = `week4.toc'.

 [2]
<./ImagenesW4/modelRep1.jpeg, id=52, 1742.51pt x 979.66pt>
File: ./ImagenesW4/modelRep1.jpeg Graphic file (type jpg)
<use ./ImagenesW4/modelRep1.jpeg>
Package pdftex.def Info: ./ImagenesW4/modelRep1.jpeg  used on input line 67.
(pdftex.def)             Requested size: 472.03123pt x 265.37874pt.
<./ImagenesW4/neuroModel1.jpeg, id=53, 1879.02pt x 1015.795pt>
File: ./ImagenesW4/neuroModel1.jpeg Graphic file (type jpg)
<use ./ImagenesW4/neuroModel1.jpeg>
Package pdftex.def Info: ./ImagenesW4/neuroModel1.jpeg  used on input line 72.
(pdftex.def)             Requested size: 472.03123pt x 255.1726pt.
<./ImagenesW4/modelRep2.jpeg, id=54, 1708.3825pt x 1051.93pt>
File: ./ImagenesW4/modelRep2.jpeg Graphic file (type jpg)
<use ./ImagenesW4/modelRep2.jpeg>
Package pdftex.def Info: ./ImagenesW4/modelRep2.jpeg  used on input line 77.
(pdftex.def)             Requested size: 472.03123pt x 290.63795pt.
 [3 <./ImagenesW4/modelRep1.jpeg> <./ImagenesW4/neuroModel1.jpeg>]
<./ImagenesW4/modelRep3.jpeg, id=61, 1648.1575pt x 110.4125pt>
File: ./ImagenesW4/modelRep3.jpeg Graphic file (type jpg)
<use ./ImagenesW4/modelRep3.jpeg>
Package pdftex.def Info: ./ImagenesW4/modelRep3.jpeg  used on input line 82.
(pdftex.def)             Requested size: 472.03123pt x 31.62119pt.
<./ImagenesW4/neuralNetwork1.jpeg, id=62, 1700.3525pt x 1049.9225pt>
File: ./ImagenesW4/neuralNetwork1.jpeg Graphic file (type jpg)
<use ./ImagenesW4/neuralNetwork1.jpeg>
Package pdftex.def Info: ./ImagenesW4/neuralNetwork1.jpeg  used on input line 8
7.
(pdftex.def)             Requested size: 236.01561pt x 145.72252pt.
<./ImagenesW4/modelRep4.jpeg, id=63, 1397.22pt x 772.8875pt>
File: ./ImagenesW4/modelRep4.jpeg Graphic file (type jpg)
<use ./ImagenesW4/modelRep4.jpeg>
Package pdftex.def Info: ./ImagenesW4/modelRep4.jpeg  used on input line 90.
(pdftex.def)             Requested size: 247.8135pt x 137.0735pt.

Overfull \hbox (11.79788pt too wide) in paragraph at lines 86--92
[]$[]$ $[]$ 
 []

<./ImagenesW4/modelRep5.jpeg, id=64, 1692.3225pt x 98.3675pt>
File: ./ImagenesW4/modelRep5.jpeg Graphic file (type jpg)
<use ./ImagenesW4/modelRep5.jpeg>
Package pdftex.def Info: ./ImagenesW4/modelRep5.jpeg  used on input line 96.
(pdftex.def)             Requested size: 472.03123pt x 27.43613pt.
<./ImagenesW4/testmrep1_1.jpeg, id=65, 1254.6875pt x 855.195pt>
File: ./ImagenesW4/testmrep1_1.jpeg Graphic file (type jpg)
<use ./ImagenesW4/testmrep1_1.jpeg>
Package pdftex.def Info: ./ImagenesW4/testmrep1_1.jpeg  used on input line 101.

(pdftex.def)             Requested size: 472.03123pt x 321.74127pt.
[4 <./ImagenesW4/modelRep2.jpeg> <./ImagenesW4/modelRep3.jpeg> <./ImagenesW4/ne
uralNetwork1.jpeg> <./ImagenesW4/modelRep4.jpeg> <./ImagenesW4/modelRep5.jpeg>]
<./ImagenesW4/testmrep1_2.jpeg, id=74, 1134.2375pt x 680.5425pt>
File: ./ImagenesW4/testmrep1_2.jpeg Graphic file (type jpg)
<use ./ImagenesW4/testmrep1_2.jpeg>
Package pdftex.def Info: ./ImagenesW4/testmrep1_2.jpeg  used on input line 106.

(pdftex.def)             Requested size: 472.03123pt x 283.21945pt.
<./ImagenesW4/modelRep6.jpeg, id=75, 1563.8425pt x 919.435pt>
File: ./ImagenesW4/modelRep6.jpeg Graphic file (type jpg)
<use ./ImagenesW4/modelRep6.jpeg>
Package pdftex.def Info: ./ImagenesW4/modelRep6.jpeg  used on input line 113.
(pdftex.def)             Requested size: 472.03123pt x 277.51616pt.
[5 <./ImagenesW4/testmrep1_1.jpeg> <./ImagenesW4/testmrep1_2.jpeg>]
<./ImagenesW4/forwardProp1.jpeg, id=82, 1403.2425pt x 748.7975pt>
File: ./ImagenesW4/forwardProp1.jpeg Graphic file (type jpg)
<use ./ImagenesW4/forwardProp1.jpeg>
Package pdftex.def Info: ./ImagenesW4/forwardProp1.jpeg  used on input line 118
.
(pdftex.def)             Requested size: 472.03123pt x 251.87988pt.
<./ImagenesW4/modelRep7.jpeg, id=83, 1551.7975pt x 1049.9225pt>
File: ./ImagenesW4/modelRep7.jpeg Graphic file (type jpg)
<use ./ImagenesW4/modelRep7.jpeg>
Package pdftex.def Info: ./ImagenesW4/modelRep7.jpeg  used on input line 123.
(pdftex.def)             Requested size: 472.03123pt x 319.36879pt.
 [6 <./ImagenesW4/modelRep6.jpeg> <./ImagenesW4/forwardProp1.jpeg>]
<./ImagenesW4/modelRep8.jpeg, id=90, 1543.7675pt x 379.4175pt>
File: ./ImagenesW4/modelRep8.jpeg Graphic file (type jpg)
<use ./ImagenesW4/modelRep8.jpeg>
Package pdftex.def Info: ./ImagenesW4/modelRep8.jpeg  used on input line 128.
(pdftex.def)             Requested size: 472.03123pt x 116.00874pt.
<./ImagenesW4/forwardProp2.jpeg, id=91, 1431.3475pt x 756.8275pt>
File: ./ImagenesW4/forwardProp2.jpeg Graphic file (type jpg)
<use ./ImagenesW4/forwardProp2.jpeg>
Package pdftex.def Info: ./ImagenesW4/forwardProp2.jpeg  used on input line 133
.
(pdftex.def)             Requested size: 377.62642pt x 199.66911pt.
 [7 <./ImagenesW4/modelRep7.jpeg> <./ImagenesW4/modelRep8.jpeg>]
<./ImagenesW4/testmrep2.jpeg, id=99, 1282.7925pt x 1357.07pt>
File: ./ImagenesW4/testmrep2.jpeg Graphic file (type jpg)
<use ./ImagenesW4/testmrep2.jpeg>
Package pdftex.def Info: ./ImagenesW4/testmrep2.jpeg  used on input line 138.
(pdftex.def)             Requested size: 377.62642pt x 399.48318pt.
<./ImagenesW4/examplesI1.jpeg, id=100, 1746.525pt x 1176.395pt>
File: ./ImagenesW4/examplesI1.jpeg Graphic file (type jpg)
<use ./ImagenesW4/examplesI1.jpeg>
Package pdftex.def Info: ./ImagenesW4/examplesI1.jpeg  used on input line 149.
(pdftex.def)             Requested size: 472.03123pt x 317.93605pt.
 [8 <./ImagenesW4/forwardProp2.jpeg> <./ImagenesW4/testmrep2.jpeg>]
<./ImagenesW4/xor.jpeg, id=107, 1945.2675pt x 1134.2375pt>
File: ./ImagenesW4/xor.jpeg Graphic file (type jpg)
<use ./ImagenesW4/xor.jpeg>
Package pdftex.def Info: ./ImagenesW4/xor.jpeg  used on input line 154.
(pdftex.def)             Requested size: 472.03123pt x 275.21667pt.
 [9 <./ImagenesW4/examplesI1.jpeg>]
<./ImagenesW4/and.jpeg, id=113, 2278.5125pt x 1186.4325pt>
File: ./ImagenesW4/and.jpeg Graphic file (type jpg)
<use ./ImagenesW4/and.jpeg>
Package pdftex.def Info: ./ImagenesW4/and.jpeg  used on input line 159.
(pdftex.def)             Requested size: 472.03123pt x 245.77283pt.
<./ImagenesW4/or.jpeg, id=114, 2125.9425pt x 983.675pt>
File: ./ImagenesW4/or.jpeg Graphic file (type jpg)
<use ./ImagenesW4/or.jpeg>
Package pdftex.def Info: ./ImagenesW4/or.jpeg  used on input line 164.
(pdftex.def)             Requested size: 472.03123pt x 218.40546pt.
 [10 <./ImagenesW4/xor.jpeg> <./ImagenesW4/and.jpeg>]
<./ImagenesW4/testExamplesI_1.jpeg, id=121, 1330.9725pt x 780.9175pt>
File: ./ImagenesW4/testExamplesI_1.jpeg Graphic file (type jpg)
<use ./ImagenesW4/testExamplesI_1.jpeg>
Package pdftex.def Info: ./ImagenesW4/testExamplesI_1.jpeg  used on input line 
169.
(pdftex.def)             Requested size: 472.03123pt x 276.94763pt.
<./ImagenesW4/testExamplesI_2.jpeg, id=122, 536.0025pt x 445.665pt>
File: ./ImagenesW4/testExamplesI_2.jpeg Graphic file (type jpg)
<use ./ImagenesW4/testExamplesI_2.jpeg>
Package pdftex.def Info: ./ImagenesW4/testExamplesI_2.jpeg  used on input line 
174.
(pdftex.def)             Requested size: 330.42041pt x 274.73177pt.
 [11 <./ImagenesW4/or.jpeg> <./ImagenesW4/testExamplesI_1.jpeg>]
<./ImagenesW4/examplesII1.jpeg, id=129, 1264.725pt x 1196.47pt>
File: ./ImagenesW4/examplesII1.jpeg Graphic file (type jpg)
<use ./ImagenesW4/examplesII1.jpeg>
Package pdftex.def Info: ./ImagenesW4/examplesII1.jpeg  used on input line 180.

(pdftex.def)             Requested size: 472.03123pt x 446.55737pt.
 [12 <./ImagenesW4/testExamplesI_2.jpeg>]
<./ImagenesW4/examplesII2.jpeg, id=135, 1567.8575pt x 385.44pt>
File: ./ImagenesW4/examplesII2.jpeg Graphic file (type jpg)
<use ./ImagenesW4/examplesII2.jpeg>
Package pdftex.def Info: ./ImagenesW4/examplesII2.jpeg  used on input line 185.

(pdftex.def)             Requested size: 472.03123pt x 116.0387pt.
<./ImagenesW4/andor.jpeg, id=136, 1624.0675pt x 927.465pt>
File: ./ImagenesW4/andor.jpeg Graphic file (type jpg)
<use ./ImagenesW4/andor.jpeg>
Package pdftex.def Info: ./ImagenesW4/andor.jpeg  used on input line 190.
(pdftex.def)             Requested size: 472.03123pt x 269.55234pt.
 [13 <./ImagenesW4/examplesII1.jpeg> <./ImagenesW4/examplesII2.jpeg>]
<./ImagenesW4/xnor.jpeg, id=144, 1660.2025pt x 895.345pt>
File: ./ImagenesW4/xnor.jpeg Graphic file (type jpg)
<use ./ImagenesW4/xnor.jpeg>
Package pdftex.def Info: ./ImagenesW4/xnor.jpeg  used on input line 195.
(pdftex.def)             Requested size: 472.03123pt x 254.56119pt.
<./ImagenesW4/multiClass1.jpeg, id=145, 1238.6275pt x 1176.395pt>
File: ./ImagenesW4/multiClass1.jpeg Graphic file (type jpg)
<use ./ImagenesW4/multiClass1.jpeg>
Package pdftex.def Info: ./ImagenesW4/multiClass1.jpeg  used on input line 202.

(pdftex.def)             Requested size: 401.22942pt x 381.06732pt.
 [14 <./ImagenesW4/andor.jpeg> <./ImagenesW4/xnor.jpeg>]
<./ImagenesW4/multiClass2.jpeg, id=152, 1567.8575pt x 817.0525pt>
File: ./ImagenesW4/multiClass2.jpeg Graphic file (type jpg)
<use ./ImagenesW4/multiClass2.jpeg>
Package pdftex.def Info: ./ImagenesW4/multiClass2.jpeg  used on input line 207.

(pdftex.def)             Requested size: 401.22942pt x 209.08743pt.
<./ImagenesW4/testNN1.jpeg, id=153, 1238.6275pt x 700.6175pt>
File: ./ImagenesW4/testNN1.jpeg Graphic file (type jpg)
<use ./ImagenesW4/testNN1.jpeg>
Package pdftex.def Info: ./ImagenesW4/testNN1.jpeg  used on input line 214.
(pdftex.def)             Requested size: 401.22942pt x 226.94965pt.
 [15 <./ImagenesW4/multiClass1.jpeg> <./ImagenesW4/multiClass2.jpeg>]
<./ImagenesW4/testNN2.jpeg, id=161, 1196.47pt x 975.645pt>
File: ./ImagenesW4/testNN2.jpeg Graphic file (type jpg)
<use ./ImagenesW4/testNN2.jpeg>
Package pdftex.def Info: ./ImagenesW4/testNN2.jpeg  used on input line 219.
(pdftex.def)             Requested size: 401.22942pt x 327.17433pt.
<./ImagenesW4/testNN3.jpeg, id=162, 1218.5525pt x 1069.9975pt>
File: ./ImagenesW4/testNN3.jpeg Graphic file (type jpg)
<use ./ImagenesW4/testNN3.jpeg>
Package pdftex.def Info: ./ImagenesW4/testNN3.jpeg  used on input line 224.
(pdftex.def)             Requested size: 377.62642pt x 331.58151pt.
 [16 <./ImagenesW4/testNN1.jpeg> <./ImagenesW4/testNN2.jpeg>]
<./ImagenesW4/testNN4_1.jpeg, id=169, 1280.785pt x 1357.07pt>
File: ./ImagenesW4/testNN4_1.jpeg Graphic file (type jpg)
<use ./ImagenesW4/testNN4_1.jpeg>
Package pdftex.def Info: ./ImagenesW4/testNN4_1.jpeg  used on input line 229.
(pdftex.def)             Requested size: 236.01561pt x 250.06007pt.
<./ImagenesW4/testNN4_2.jpeg, id=170, 562.1pt x 381.425pt>
File: ./ImagenesW4/testNN4_2.jpeg Graphic file (type jpg)
<use ./ImagenesW4/testNN4_2.jpeg>
Package pdftex.def Info: ./ImagenesW4/testNN4_2.jpeg  used on input line 232.
(pdftex.def)             Requested size: 247.8135pt x 168.15926pt.

Overfull \hbox (11.79788pt too wide) in paragraph at lines 228--234
[]$[]$ $[]$ 
 []

<./ImagenesW4/testNN5.jpeg, id=171, 1268.74pt x 1330.9725pt>
File: ./ImagenesW4/testNN5.jpeg Graphic file (type jpg)
<use ./ImagenesW4/testNN5.jpeg>
Package pdftex.def Info: ./ImagenesW4/testNN5.jpeg  used on input line 238.
(pdftex.def)             Requested size: 401.22942pt x 420.90358pt.
[17 <./ImagenesW4/testNN3.jpeg> <./ImagenesW4/testNN4_1.jpeg> <./ImagenesW4/tes
tNN4_2.jpeg>]
Package atveryend Info: Empty hook `BeforeClearDocument' on input line 247.
 [18 <./ImagenesW4/testNN5.jpeg>]
Package atveryend Info: Empty hook `AfterLastShipout' on input line 247.
 (./week4.aux)
Package atveryend Info: Executing hook `AtVeryEndDocument' on input line 247.
Package atveryend Info: Executing hook `AtEndAfterFileList' on input line 247.
Package rerunfilecheck Info: File `week4.out' has not changed.
(rerunfilecheck)             Checksum: DC92D04A3C59563BF523FDD03A3F8CF1;458.
Package atveryend Info: Empty hook `AtVeryVeryEnd' on input line 247.
 ) 
Here is how much of TeX's memory you used:
 9518 strings out of 492649
 142500 string characters out of 6129621
 243143 words of memory out of 5000000
 13214 multiletter control sequences out of 15000+600000
 10654 words of font info for 39 fonts, out of 8000000 for 9000
 1141 hyphenation exceptions out of 8191
 42i,8n,40p,270b,327s stack positions out of 5000i,500n,10000p,200000b,80000s
</usr/local/texlive/2018/texmf-dist/fonts/type1/public/amsfonts/cm/cmbx10.pfb
></usr/local/texlive/2018/texmf-dist/fonts/type1/public/amsfonts/cm/cmbx12.pfb>
</usr/local/texlive/2018/texmf-dist/fonts/type1/public/amsfonts/cm/cmr12.pfb>
Output written on week4.pdf (18 pages, 6132724 bytes).
PDF statistics:
 210 PDF objects out of 1000 (max. 8388607)
 152 compressed objects within 2 object streams
 58 named destinations out of 1000 (max. 500000)
 222 words of extra memory for PDF output out of 10000 (max. 10000000)

